2021-06-24 10:46:30 INFO  HepsiburadaPage:26 - Giriş Yapıldı.
2021-06-24 13:35:37 INFO  HepsiburadaPage:23 - Giriş Yapıldı.
2021-06-24 13:35:40 INFO  HepsiburadaPage:30 - E-mail alanı dolduruldu.
2021-06-24 13:35:40 INFO  HepsiburadaPage:37 - Parola alanı dolduruldu.
2021-06-24 13:35:44 INFO  HepsiburadaPage:47 - Giriş yap butonuna tıklandı.
2021-06-24 13:35:47 INFO  HepsiburadaPage:61 - Elektronik menüsüne tıklandı.
2021-06-24 13:35:53 INFO  HepsiburadaPage:67 - Bilgisayar alt menüsüne tıklandı.
2021-06-24 13:38:49 INFO  HepsiburadaPage:23 - Giriş Yapıldı.
2021-06-24 13:38:51 INFO  HepsiburadaPage:30 - E-mail alanı dolduruldu.
2021-06-24 13:38:52 INFO  HepsiburadaPage:37 - Parola alanı dolduruldu.
2021-06-24 13:38:55 INFO  HepsiburadaPage:47 - Giriş yap butonuna tıklandı.
2021-06-24 13:38:58 INFO  HepsiburadaPage:61 - Elektronik menüsüne tıklandı.
2021-06-24 13:39:05 INFO  HepsiburadaPage:67 - Bilgisayar alt menüsüne tıklandı.
2021-06-24 13:42:25 INFO  HepsiburadaPage:23 - Giriş Yapıldı.
2021-06-24 13:42:28 INFO  HepsiburadaPage:30 - E-mail alanı dolduruldu.
2021-06-24 13:42:29 INFO  HepsiburadaPage:37 - Parola alanı dolduruldu.
2021-06-24 13:42:32 INFO  HepsiburadaPage:47 - Giriş yap butonuna tıklandı.
2021-06-24 13:42:36 INFO  HepsiburadaPage:61 - Elektronik menüsüne tıklandı.
2021-06-24 13:42:44 INFO  HepsiburadaPage:67 - Bilgisayar alt menüsüne tıklandı.
2021-06-24 13:42:45 INFO  HepsiburadaPage:74 - Bilgisayar modeli MSI seçildi.
2021-06-24 13:42:51 INFO  HepsiburadaPage:78 - İkinci sayfa açıldı.
2021-06-24 13:42:57 INFO  HepsiburadaPage:85 - İkinci sayfadaki ikinci ürüne tıklandı.
2021-06-24 13:42:58 INFO  HepsiburadaPage:92 - İkinci ürün favorilere eklendi.
2021-06-24 13:43:27 INFO  HepsiburadaPage:102 - Favori listem sayfası açıldı.
2021-06-24 13:43:29 INFO  HepsiburadaPage:108 - Favori listesine eklenen ürün seçildi.
2021-06-24 13:45:11 INFO  HepsiburadaPage:23 - Giriş Yapıldı.
2021-06-24 13:45:15 INFO  HepsiburadaPage:30 - E-mail alanı dolduruldu.
2021-06-24 13:45:15 INFO  HepsiburadaPage:37 - Parola alanı dolduruldu.
2021-06-24 13:45:19 INFO  HepsiburadaPage:47 - Giriş yap butonuna tıklandı.
2021-06-24 13:45:38 INFO  HepsiburadaPage:61 - Elektronik menüsüne tıklandı.
2021-06-24 13:45:45 INFO  HepsiburadaPage:67 - Bilgisayar alt menüsüne tıklandı.
2021-06-24 13:55:13 INFO  HepsiburadaPage:23 - Giriş Yapıldı.
2021-06-24 13:55:16 INFO  HepsiburadaPage:30 - E-mail alanı dolduruldu.
2021-06-24 13:55:17 INFO  HepsiburadaPage:37 - Parola alanı dolduruldu.
2021-06-24 13:55:20 INFO  HepsiburadaPage:47 - Giriş yap butonuna tıklandı.
2021-06-24 13:55:46 INFO  HepsiburadaPage:61 - Elektronik menüsüne tıklandı.
2021-06-24 13:55:55 INFO  HepsiburadaPage:67 - Bilgisayar alt menüsüne tıklandı.
2021-06-24 13:55:57 INFO  HepsiburadaPage:74 - Bilgisayar modeli MSI seçildi.
2021-06-24 13:56:08 INFO  HepsiburadaPage:78 - İkinci sayfa açıldı.
2021-06-24 13:56:18 INFO  HepsiburadaPage:85 - İkinci sayfadaki ikinci ürüne tıklandı.
2021-06-24 13:56:19 INFO  HepsiburadaPage:92 - İkinci ürün favorilere eklendi.
2021-06-24 13:57:05 INFO  HepsiburadaPage:102 - Favori listem sayfası açıldı.
2021-06-24 13:59:59 INFO  HepsiburadaPage:23 - Giriş Yapıldı.
2021-06-24 14:00:03 INFO  HepsiburadaPage:30 - E-mail alanı dolduruldu.
2021-06-24 14:00:03 INFO  HepsiburadaPage:37 - Parola alanı dolduruldu.
2021-06-24 14:00:07 INFO  HepsiburadaPage:47 - Giriş yap butonuna tıklandı.
2021-06-24 14:00:11 INFO  HepsiburadaPage:61 - Elektronik menüsüne tıklandı.
2021-06-24 14:00:20 INFO  HepsiburadaPage:67 - Bilgisayar alt menüsüne tıklandı.
2021-06-24 14:00:23 INFO  HepsiburadaPage:74 - Bilgisayar modeli MSI seçildi.
2021-06-24 14:00:33 INFO  HepsiburadaPage:78 - İkinci sayfa açıldı.
2021-06-24 14:00:38 INFO  HepsiburadaPage:85 - İkinci sayfadaki ikinci ürüne tıklandı.
2021-06-24 14:00:41 INFO  HepsiburadaPage:92 - İkinci ürün favorilere eklendi.
2021-06-24 14:00:52 INFO  HepsiburadaPage:102 - Favori listem sayfası açıldı.
2021-06-24 14:00:53 INFO  HepsiburadaPage:108 - Favori listesine eklenen ürün seçildi.
2021-06-24 14:00:55 INFO  HepsiburadaPage:113 - Eklenen ürün favorilerden silindi.
2021-06-24 14:00:55 INFO  HepsiburadaPage:118 - Eklenen ürünü favori listesinden silme işlemi onaylandı.
2021-06-24 14:00:59 INFO  HepsiburadaPage:124 - Profilim penceresi açıldı.
2021-06-24 14:01:01 INFO  HepsiburadaPage:129 - Üye çıkış işlemi yapıldı.
2021-06-24 14:06:00 INFO  HepsiburadaPage:23 - Giriş Yapıldı.
2021-06-24 14:06:03 INFO  HepsiburadaPage:30 - E-mail alanı dolduruldu.
2021-06-24 14:06:03 INFO  HepsiburadaPage:37 - Parola alanı dolduruldu.
2021-06-24 14:06:06 INFO  HepsiburadaPage:47 - Giriş yap butonuna tıklandı.
2021-06-24 14:06:09 INFO  HepsiburadaPage:61 - Elektronik menüsüne tıklandı.
2021-06-24 14:06:15 INFO  HepsiburadaPage:67 - Bilgisayar alt menüsüne tıklandı.
2021-06-24 14:06:16 INFO  HepsiburadaPage:74 - Bilgisayar modeli MSI seçildi.
2021-06-24 14:06:23 INFO  HepsiburadaPage:78 - İkinci sayfa açıldı.
2021-06-24 14:06:30 INFO  HepsiburadaPage:85 - İkinci sayfadaki ikinci ürüne tıklandı.
2021-06-24 14:06:30 INFO  HepsiburadaPage:92 - İkinci ürün favorilere eklendi.
2021-06-24 14:06:56 INFO  HepsiburadaPage:102 - Favori listem sayfası açıldı.
2021-06-24 14:06:57 INFO  HepsiburadaPage:108 - Favori listesine eklenen ürün seçildi.
2021-06-24 14:06:57 INFO  HepsiburadaPage:113 - Eklenen ürün favorilerden silindi.
2021-06-24 14:06:58 INFO  HepsiburadaPage:118 - Eklenen ürünü favori listesinden silme işlemi onaylandı.
2021-06-24 14:07:01 INFO  HepsiburadaPage:124 - Profilim penceresi açıldı.
2021-06-24 14:07:02 INFO  HepsiburadaPage:129 - Üye çıkış işlemi yapıldı.
2021-06-24 14:30:39 INFO  HepsiburadaPage:23 - Giriş Yapıldı.
2021-06-24 14:30:41 INFO  HepsiburadaPage:30 - E-mail alanı dolduruldu.
2021-06-24 14:30:42 INFO  HepsiburadaPage:37 - Parola alanı dolduruldu.
2021-06-24 14:30:45 INFO  HepsiburadaPage:47 - Giriş yap butonuna tıklandı.
2021-06-24 14:31:09 INFO  HepsiburadaPage:61 - Elektronik menüsüne tıklandı.
2021-06-24 14:31:15 INFO  HepsiburadaPage:67 - Bilgisayar alt menüsüne tıklandı.
2021-06-24 14:31:17 INFO  HepsiburadaPage:74 - Bilgisayar modeli MSI seçildi.
2021-06-24 14:31:25 INFO  HepsiburadaPage:78 - İkinci sayfa açıldı.
2021-06-24 14:31:36 INFO  HepsiburadaPage:85 - İkinci sayfadaki ikinci ürüne tıklandı.
2021-06-24 14:31:37 INFO  HepsiburadaPage:92 - İkinci ürün favorilere eklendi.
2021-06-24 14:31:55 INFO  HepsiburadaPage:102 - Favori listem sayfası açıldı.
2021-06-24 14:31:57 INFO  HepsiburadaPage:107 - Favori listesine eklenen ürün seçildi.
2021-06-24 14:38:19 INFO  HepsiburadaPage:23 - Giriş Yapıldı.
2021-06-24 14:38:21 INFO  HepsiburadaPage:30 - E-mail alanı dolduruldu.
2021-06-24 14:38:22 INFO  HepsiburadaPage:37 - Parola alanı dolduruldu.
2021-06-24 14:38:25 INFO  HepsiburadaPage:47 - Giriş yap butonuna tıklandı.
2021-06-24 14:38:28 INFO  HepsiburadaPage:61 - Elektronik menüsüne tıklandı.
2021-06-24 14:38:33 INFO  HepsiburadaPage:67 - Bilgisayar alt menüsüne tıklandı.
2021-06-24 14:38:35 INFO  HepsiburadaPage:74 - Bilgisayar modeli MSI seçildi.
2021-06-24 14:38:43 INFO  HepsiburadaPage:78 - İkinci sayfa açıldı.
2021-06-24 14:38:51 INFO  HepsiburadaPage:85 - İkinci sayfadaki ikinci ürüne tıklandı.
2021-06-24 14:38:52 INFO  HepsiburadaPage:92 - İkinci ürün favorilere eklendi.
2021-06-24 14:39:03 INFO  HepsiburadaPage:102 - Favori listem sayfası açıldı.
2021-06-24 14:39:39 INFO  HepsiburadaPage:23 - Giriş Yapıldı.
2021-06-24 14:39:42 INFO  HepsiburadaPage:30 - E-mail alanı dolduruldu.
2021-06-24 14:39:42 INFO  HepsiburadaPage:37 - Parola alanı dolduruldu.
2021-06-24 14:39:45 INFO  HepsiburadaPage:47 - Giriş yap butonuna tıklandı.
2021-06-24 14:39:48 INFO  HepsiburadaPage:61 - Elektronik menüsüne tıklandı.
2021-06-24 14:39:56 INFO  HepsiburadaPage:67 - Bilgisayar alt menüsüne tıklandı.
2021-06-24 14:39:58 INFO  HepsiburadaPage:74 - Bilgisayar modeli MSI seçildi.
2021-06-24 14:40:04 INFO  HepsiburadaPage:78 - İkinci sayfa açıldı.
2021-06-24 14:40:08 INFO  HepsiburadaPage:85 - İkinci sayfadaki ikinci ürüne tıklandı.
2021-06-24 14:40:09 INFO  HepsiburadaPage:92 - İkinci ürün favorilere eklendi.
2021-06-24 14:41:23 INFO  HepsiburadaPage:23 - Giriş Yapıldı.
2021-06-24 14:41:25 INFO  HepsiburadaPage:30 - E-mail alanı dolduruldu.
2021-06-24 14:41:26 INFO  HepsiburadaPage:37 - Parola alanı dolduruldu.
2021-06-24 14:41:29 INFO  HepsiburadaPage:47 - Giriş yap butonuna tıklandı.
2021-06-24 14:41:33 INFO  HepsiburadaPage:61 - Elektronik menüsüne tıklandı.
2021-06-24 14:41:39 INFO  HepsiburadaPage:67 - Bilgisayar alt menüsüne tıklandı.
2021-06-24 14:41:41 INFO  HepsiburadaPage:74 - Bilgisayar modeli MSI seçildi.
2021-06-24 14:41:47 INFO  HepsiburadaPage:78 - İkinci sayfa açıldı.
2021-06-24 14:41:58 INFO  HepsiburadaPage:85 - İkinci sayfadaki ikinci ürüne tıklandı.
2021-06-24 14:41:58 INFO  HepsiburadaPage:92 - İkinci ürün favorilere eklendi.
2021-06-24 14:42:22 INFO  HepsiburadaPage:102 - Favori listem sayfası açıldı.
2021-06-24 14:42:23 INFO  HepsiburadaPage:107 - Favori listesine eklenen ürün seçildi.
2021-06-24 14:42:23 INFO  HepsiburadaPage:117 - Eklenen ürün favorilerden silindi.
2021-06-24 14:42:24 INFO  HepsiburadaPage:122 - Eklenen ürünü favori listesinden silme işlemi onaylandı.
2021-06-24 14:42:28 INFO  HepsiburadaPage:128 - Profilim penceresi açıldı.
2021-06-24 14:42:28 INFO  HepsiburadaPage:133 - Üye çıkış işlemi yapıldı.
2021-06-24 14:43:34 INFO  HepsiburadaPage:23 - Giriş Yapıldı.
2021-06-24 14:43:37 INFO  HepsiburadaPage:30 - E-mail alanı dolduruldu.
2021-06-24 14:43:37 INFO  HepsiburadaPage:37 - Parola alanı dolduruldu.
2021-06-24 14:43:41 INFO  HepsiburadaPage:47 - Giriş yap butonuna tıklandı.
2021-06-24 14:43:59 INFO  HepsiburadaPage:61 - Elektronik menüsüne tıklandı.
2021-06-24 14:44:05 INFO  HepsiburadaPage:67 - Bilgisayar alt menüsüne tıklandı.
2021-06-24 14:44:07 INFO  HepsiburadaPage:74 - Bilgisayar modeli MSI seçildi.
2021-06-24 14:44:15 INFO  HepsiburadaPage:78 - İkinci sayfa açıldı.
2021-06-24 14:44:23 INFO  HepsiburadaPage:85 - İkinci sayfadaki ikinci ürüne tıklandı.
2021-06-24 14:44:24 INFO  HepsiburadaPage:92 - İkinci ürün favorilere eklendi.
2021-06-24 14:44:52 INFO  HepsiburadaPage:104 - Favori listem sayfası açıldı.
2021-06-24 14:44:54 INFO  HepsiburadaPage:109 - Favori listesine eklenen ürün seçildi.
2021-06-24 14:44:55 INFO  HepsiburadaPage:119 - Eklenen ürün favorilerden silindi.
2021-06-24 14:44:55 INFO  HepsiburadaPage:124 - Eklenen ürünü favori listesinden silme işlemi onaylandı.
2021-06-24 14:44:59 INFO  HepsiburadaPage:130 - Profilim penceresi açıldı.
2021-06-24 14:45:01 INFO  HepsiburadaPage:135 - Üye çıkış işlemi yapıldı.
2021-06-24 14:45:47 INFO  HepsiburadaPage:23 - Giriş Yapıldı.
2021-06-24 14:45:50 INFO  HepsiburadaPage:30 - E-mail alanı dolduruldu.
2021-06-24 14:45:51 INFO  HepsiburadaPage:37 - Parola alanı dolduruldu.
2021-06-24 14:45:54 INFO  HepsiburadaPage:47 - Giriş yap butonuna tıklandı.
2021-06-24 14:47:36 INFO  HepsiburadaPage:62 - Elektronik menüsüne tıklandı.
2021-06-24 14:47:43 INFO  HepsiburadaPage:68 - Bilgisayar alt menüsüne tıklandı.
2021-06-24 14:47:46 INFO  HepsiburadaPage:75 - Bilgisayar modeli MSI seçildi.
2021-06-24 14:47:53 INFO  HepsiburadaPage:79 - İkinci sayfa açıldı.
2021-06-24 14:48:02 INFO  HepsiburadaPage:86 - İkinci sayfadaki ikinci ürüne tıklandı.
2021-06-24 14:48:02 INFO  HepsiburadaPage:93 - İkinci ürün favorilere eklendi.
2021-06-24 14:49:38 INFO  HepsiburadaPage:105 - Favori listem sayfası açıldı.
2021-06-24 14:49:40 INFO  HepsiburadaPage:110 - Favori listesine eklenen ürün seçildi.
2021-06-24 14:49:40 INFO  HepsiburadaPage:120 - Eklenen ürün favorilerden silindi.
2021-06-24 14:49:40 INFO  HepsiburadaPage:125 - Eklenen ürünü favori listesinden silme işlemi onaylandı.
2021-06-24 14:49:44 INFO  HepsiburadaPage:131 - Profilim penceresi açıldı.
2021-06-24 14:49:45 INFO  HepsiburadaPage:136 - Üye çıkış işlemi yapıldı.
2021-06-24 14:56:54 INFO  HepsiburadaPage:23 - Giriş Yapıldı.
2021-06-24 14:56:56 INFO  HepsiburadaPage:30 - E-mail alanı dolduruldu.
2021-06-24 14:56:56 INFO  HepsiburadaPage:37 - Parola alanı dolduruldu.
2021-06-24 14:57:00 INFO  HepsiburadaPage:47 - Giriş yap butonuna tıklandı.
2021-06-24 14:57:14 INFO  HepsiburadaPage:62 - Elektronik menüsüne tıklandı.
2021-06-24 14:57:21 INFO  HepsiburadaPage:68 - Bilgisayar alt menüsüne tıklandı.
2021-06-24 14:57:23 INFO  HepsiburadaPage:75 - Bilgisayar modeli MSI seçildi.
2021-06-24 14:57:30 INFO  HepsiburadaPage:79 - İkinci sayfa açıldı.
2021-06-24 14:57:39 INFO  HepsiburadaPage:86 - İkinci sayfadaki ikinci ürüne tıklandı.
2021-06-24 14:57:39 INFO  HepsiburadaPage:93 - İkinci ürün favorilere eklendi.
2021-06-24 14:58:38 INFO  HepsiburadaPage:105 - Favori listem sayfası açıldı.
2021-06-24 14:58:39 INFO  HepsiburadaPage:110 - Favori listesine eklenen ürün seçildi.
2021-06-24 14:58:39 INFO  HepsiburadaPage:120 - Eklenen ürün favorilerden silindi.
2021-06-24 14:58:39 INFO  HepsiburadaPage:125 - Eklenen ürünü favori listesinden silme işlemi onaylandı.
2021-06-24 14:58:44 INFO  HepsiburadaPage:131 - Profilim penceresi açıldı.
2021-06-24 14:58:44 INFO  HepsiburadaPage:136 - Üye çıkış işlemi yapıldı.
2021-06-24 15:05:52 INFO  HepsiburadaPage:23 - Giriş Yapıldı.
2021-06-24 15:05:54 INFO  HepsiburadaPage:30 - E-mail alanı dolduruldu.
2021-06-24 15:05:55 INFO  HepsiburadaPage:37 - Parola alanı dolduruldu.
2021-06-24 15:05:58 INFO  HepsiburadaPage:47 - Giriş yap butonuna tıklandı.
2021-06-24 15:06:49 INFO  HepsiburadaPage:62 - Elektronik menüsüne tıklandı.
2021-06-24 15:06:57 INFO  HepsiburadaPage:68 - Bilgisayar alt menüsüne tıklandı.
2021-06-24 15:06:59 INFO  HepsiburadaPage:75 - Bilgisayar modeli MSI seçildi.
2021-06-24 15:07:08 INFO  HepsiburadaPage:79 - İkinci sayfa açıldı.
2021-06-24 15:07:23 INFO  HepsiburadaPage:86 - İkinci sayfadaki ikinci ürüne tıklandı.
2021-06-24 15:07:25 INFO  HepsiburadaPage:93 - İkinci ürün favorilere eklendi.
2021-06-24 15:08:08 INFO  HepsiburadaPage:105 - Favori listem sayfası açıldı.
2021-06-24 15:08:08 INFO  HepsiburadaPage:110 - Favori listesine eklenen ürün seçildi.
2021-06-24 15:08:09 INFO  HepsiburadaPage:120 - Eklenen ürün favorilerden silindi.
2021-06-24 15:08:09 INFO  HepsiburadaPage:125 - Eklenen ürünü favori listesinden silme işlemi onaylandı.
2021-06-24 15:10:59 INFO  HepsiburadaPage:23 - Giriş Yapıldı.
2021-06-24 15:11:03 INFO  HepsiburadaPage:30 - E-mail alanı dolduruldu.
2021-06-24 15:11:04 INFO  HepsiburadaPage:37 - Parola alanı dolduruldu.
2021-06-24 15:11:07 INFO  HepsiburadaPage:47 - Giriş yap butonuna tıklandı.
2021-06-24 15:11:15 INFO  HepsiburadaPage:62 - Elektronik menüsüne tıklandı.
2021-06-24 15:11:23 INFO  HepsiburadaPage:68 - Bilgisayar alt menüsüne tıklandı.
2021-06-24 15:11:26 INFO  HepsiburadaPage:75 - Bilgisayar modeli MSI seçildi.
2021-06-24 15:11:35 INFO  HepsiburadaPage:79 - İkinci sayfa açıldı.
2021-06-24 15:11:43 INFO  HepsiburadaPage:86 - İkinci sayfadaki ikinci ürüne tıklandı.
2021-06-24 15:11:43 INFO  HepsiburadaPage:93 - İkinci ürün favorilere eklendi.
2021-06-24 15:12:12 INFO  HepsiburadaPage:105 - Favori listem sayfası açıldı.
2021-06-24 15:12:14 INFO  HepsiburadaPage:110 - Favori listesine eklenen ürün seçildi.
2021-06-24 15:12:14 INFO  HepsiburadaPage:120 - Eklenen ürün favorilerden silindi.
2021-06-24 15:12:17 INFO  HepsiburadaPage:130 - Eklenen ürünü favori listesinden silme işlemi onaylandı.
2021-06-24 15:12:21 INFO  HepsiburadaPage:136 - Profilim penceresi açıldı.
2021-06-24 15:12:22 INFO  HepsiburadaPage:141 - Üye çıkış işlemi yapıldı.
2021-06-24 15:13:34 INFO  HepsiburadaPage:23 - Giriş Yapıldı.
2021-06-24 15:13:37 INFO  HepsiburadaPage:30 - E-mail alanı dolduruldu.
2021-06-24 15:13:37 INFO  HepsiburadaPage:37 - Parola alanı dolduruldu.
2021-06-24 15:13:41 INFO  HepsiburadaPage:47 - Giriş yap butonuna tıklandı.
2021-06-24 15:14:15 INFO  HepsiburadaPage:62 - Elektronik menüsüne tıklandı.
2021-06-24 15:14:24 INFO  HepsiburadaPage:68 - Bilgisayar alt menüsüne tıklandı.
2021-06-24 15:14:27 INFO  HepsiburadaPage:75 - Bilgisayar modeli MSI seçildi.
2021-06-24 15:14:36 INFO  HepsiburadaPage:79 - İkinci sayfa açıldı.
2021-06-24 15:14:45 INFO  HepsiburadaPage:86 - İkinci sayfadaki ikinci ürüne tıklandı.
2021-06-24 15:14:45 INFO  HepsiburadaPage:93 - İkinci ürün favorilere eklendi.
2021-06-24 15:15:12 INFO  HepsiburadaPage:105 - Favori listem sayfası açıldı.
2021-06-24 15:15:13 INFO  HepsiburadaPage:110 - Favori listesine eklenen ürün seçildi.
2021-06-24 15:15:14 INFO  HepsiburadaPage:120 - Eklenen ürün favorilerden silindi.
2021-06-24 15:15:17 INFO  HepsiburadaPage:130 - Eklenen ürünü favori listesinden silme işlemi onaylandı.
2021-06-24 15:53:17 INFO  HepsiburadaPage:23 - Giriş Yapıldı.
2021-06-24 15:53:20 INFO  HepsiburadaPage:30 - E-mail alanı dolduruldu.
2021-06-24 15:53:20 INFO  HepsiburadaPage:37 - Parola alanı dolduruldu.
2021-06-24 15:53:23 INFO  HepsiburadaPage:47 - Giriş yap butonuna tıklandı.
2021-06-24 15:55:57 INFO  HepsiburadaPage:62 - Elektronik menüsüne tıklandı.
2021-06-24 15:56:04 INFO  HepsiburadaPage:68 - Bilgisayar alt menüsüne tıklandı.
2021-06-24 15:57:17 INFO  HepsiburadaPage:23 - Giriş Yapıldı.
2021-06-24 15:57:20 INFO  HepsiburadaPage:30 - E-mail alanı dolduruldu.
2021-06-24 15:57:21 INFO  HepsiburadaPage:37 - Parola alanı dolduruldu.
2021-06-24 15:57:24 INFO  HepsiburadaPage:47 - Giriş yap butonuna tıklandı.
2021-06-24 15:58:44 INFO  HepsiburadaPage:62 - Elektronik menüsüne tıklandı.
2021-06-24 15:58:51 INFO  HepsiburadaPage:68 - Bilgisayar alt menüsüne tıklandı.
2021-06-24 15:58:53 INFO  HepsiburadaPage:75 - Bilgisayar modeli MSI seçildi.
2021-06-24 15:59:03 INFO  HepsiburadaPage:79 - İkinci sayfa açıldı.
2021-06-24 15:59:09 INFO  HepsiburadaPage:86 - İkinci sayfadaki ikinci ürüne tıklandı.
2021-06-24 15:59:12 INFO  HepsiburadaPage:93 - İkinci ürün favorilere eklendi.
2021-06-24 15:59:46 INFO  HepsiburadaPage:105 - Favori listem sayfası açıldı.
2021-06-24 15:59:47 INFO  HepsiburadaPage:110 - Favori listesine eklenen ürün seçildi.
2021-06-24 15:59:48 INFO  HepsiburadaPage:120 - Eklenen ürün favorilerden silindi.
2021-06-24 15:59:52 INFO  HepsiburadaPage:130 - Eklenen ürünü favori listesinden silme işlemi onaylandı.
2021-06-24 15:59:55 INFO  HepsiburadaPage:136 - Profilim penceresi açıldı.
2021-06-24 15:59:56 INFO  HepsiburadaPage:141 - Üye çıkış işlemi yapıldı.
2021-06-24 16:02:06 INFO  HepsiburadaPage:23 - Giriş Yapıldı.
2021-06-24 16:02:09 INFO  HepsiburadaPage:30 - E-mail alanı dolduruldu.
2021-06-24 16:02:09 INFO  HepsiburadaPage:37 - Parola alanı dolduruldu.
2021-06-24 16:02:13 INFO  HepsiburadaPage:47 - Giriş yap butonuna tıklandı.
2021-06-24 16:04:36 INFO  HepsiburadaPage:62 - Elektronik menüsüne tıklandı.
2021-06-24 16:04:43 INFO  HepsiburadaPage:68 - Bilgisayar alt menüsüne tıklandı.
2021-06-24 16:04:45 INFO  HepsiburadaPage:75 - Bilgisayar modeli MSI seçildi.
2021-06-24 16:04:54 INFO  HepsiburadaPage:79 - İkinci sayfa açıldı.
2021-06-24 16:05:03 INFO  HepsiburadaPage:86 - İkinci sayfadaki ikinci ürüne tıklandı.
2021-06-24 16:05:04 INFO  HepsiburadaPage:93 - İkinci ürün favorilere eklendi.
2021-06-24 16:05:44 INFO  HepsiburadaPage:105 - Favori listem sayfası açıldı.
2021-06-24 16:05:45 INFO  HepsiburadaPage:110 - Favori listesine eklenen ürün seçildi.
2021-06-24 16:05:47 INFO  HepsiburadaPage:120 - Eklenen ürün favorilerden silindi.
2021-06-24 16:05:51 INFO  HepsiburadaPage:130 - Eklenen ürünü favori listesinden silme işlemi onaylandı.
2021-06-24 16:05:55 INFO  HepsiburadaPage:136 - Profilim penceresi açıldı.
2021-06-24 16:05:56 INFO  HepsiburadaPage:141 - Üye çıkış işlemi yapıldı.
2021-06-24 16:42:32 INFO  HepsiburadaPage:23 - Giriş Yapıldı.
2021-06-24 16:42:35 INFO  HepsiburadaPage:30 - E-mail alanı dolduruldu.
2021-06-24 16:42:35 INFO  HepsiburadaPage:37 - Parola alanı dolduruldu.
2021-06-24 16:42:39 INFO  HepsiburadaPage:47 - Giriş yap butonuna tıklandı.
2021-06-24 16:42:56 INFO  HepsiburadaPage:63 - Elektronik menüsüne tıklandı.
2021-06-24 16:44:08 INFO  HepsiburadaPage:23 - Giriş Yapıldı.
2021-06-24 16:44:11 INFO  HepsiburadaPage:30 - E-mail alanı dolduruldu.
2021-06-24 16:44:11 INFO  HepsiburadaPage:37 - Parola alanı dolduruldu.
2021-06-24 16:44:15 INFO  HepsiburadaPage:47 - Giriş yap butonuna tıklandı.
2021-06-24 16:44:28 INFO  HepsiburadaPage:63 - Elektronik menüsüne tıklandı.
2021-06-24 16:44:35 INFO  HepsiburadaPage:69 - Bilgisayar alt menüsüne tıklandı.
2021-06-24 16:44:36 INFO  HepsiburadaPage:76 - Bilgisayar modeli MSI seçildi.
2021-06-24 16:44:44 INFO  HepsiburadaPage:80 - İkinci sayfa açıldı.
2021-06-24 16:44:52 INFO  HepsiburadaPage:87 - İkinci sayfadaki ikinci ürüne tıklandı.
2021-06-24 16:44:53 INFO  HepsiburadaPage:94 - İkinci ürün favorilere eklendi.
2021-06-24 16:46:27 INFO  HepsiburadaPage:23 - Giriş Yapıldı.
2021-06-24 16:46:29 INFO  HepsiburadaPage:30 - E-mail alanı dolduruldu.
2021-06-24 16:46:29 INFO  HepsiburadaPage:37 - Parola alanı dolduruldu.
2021-06-24 16:46:33 INFO  HepsiburadaPage:47 - Giriş yap butonuna tıklandı.
2021-06-24 16:46:44 INFO  HepsiburadaPage:63 - Elektronik menüsüne tıklandı.
2021-06-24 16:46:50 INFO  HepsiburadaPage:69 - Bilgisayar alt menüsüne tıklandı.
2021-06-24 16:46:52 INFO  HepsiburadaPage:76 - Bilgisayar modeli MSI seçildi.
2021-06-24 16:47:00 INFO  HepsiburadaPage:80 - İkinci sayfa açıldı.
2021-06-24 16:47:08 INFO  HepsiburadaPage:87 - İkinci sayfadaki ikinci ürüne tıklandı.
2021-06-24 16:47:09 INFO  HepsiburadaPage:94 - İkinci ürün favorilere eklendi.
2021-06-24 16:47:29 INFO  HepsiburadaPage:105 - Favori listem sayfası açıldı.
2021-06-24 16:49:55 INFO  HepsiburadaPage:23 - Giriş Yapıldı.
2021-06-24 16:49:58 INFO  HepsiburadaPage:30 - E-mail alanı dolduruldu.
2021-06-24 16:49:58 INFO  HepsiburadaPage:37 - Parola alanı dolduruldu.
2021-06-24 16:50:02 INFO  HepsiburadaPage:47 - Giriş yap butonuna tıklandı.
2021-06-24 16:50:16 INFO  HepsiburadaPage:63 - Elektronik menüsüne tıklandı.
2021-06-24 16:50:22 INFO  HepsiburadaPage:69 - Bilgisayar alt menüsüne tıklandı.
2021-06-24 16:50:24 INFO  HepsiburadaPage:76 - Bilgisayar modeli MSI seçildi.
2021-06-24 16:50:31 INFO  HepsiburadaPage:80 - İkinci sayfa açıldı.
2021-06-24 16:50:35 INFO  HepsiburadaPage:87 - İkinci sayfadaki ikinci ürüne tıklandı.
2021-06-24 16:50:36 INFO  HepsiburadaPage:94 - İkinci ürün favorilere eklendi.
2021-06-24 16:51:16 INFO  HepsiburadaPage:105 - Favori listem sayfası açıldı.
2021-06-24 16:51:17 INFO  HepsiburadaPage:110 - Favori listesine eklenen ürün seçildi.
2021-06-24 16:51:18 INFO  HepsiburadaPage:120 - Eklenen ürün favorilerden silindi.
2021-06-24 16:51:21 INFO  HepsiburadaPage:130 - Eklenen ürünü favori listesinden silme işlemi onaylandı.
2021-06-24 16:51:24 INFO  HepsiburadaPage:136 - Profilim penceresi açıldı.
2021-06-24 16:51:25 INFO  HepsiburadaPage:141 - Üye çıkış işlemi yapıldı.
2021-06-24 16:55:06 INFO  HepsiburadaPage:23 - Giriş Yapıldı.
2021-06-24 16:55:09 INFO  HepsiburadaPage:30 - E-mail alanı dolduruldu.
2021-06-24 16:55:10 INFO  HepsiburadaPage:37 - Parola alanı dolduruldu.
2021-06-24 16:55:13 INFO  HepsiburadaPage:47 - Giriş yap butonuna tıklandı.
2021-06-24 16:55:34 INFO  HepsiburadaPage:63 - Elektronik menüsüne tıklandı.
2021-06-24 16:56:36 INFO  HepsiburadaPage:23 - Giriş Yapıldı.
2021-06-24 16:56:39 INFO  HepsiburadaPage:30 - E-mail alanı dolduruldu.
2021-06-24 16:56:39 INFO  HepsiburadaPage:37 - Parola alanı dolduruldu.
2021-06-24 16:56:43 INFO  HepsiburadaPage:47 - Giriş yap butonuna tıklandı.
2021-06-24 16:56:57 INFO  HepsiburadaPage:63 - Elektronik menüsüne tıklandı.
2021-06-24 16:57:03 INFO  HepsiburadaPage:69 - Bilgisayar alt menüsüne tıklandı.
2021-06-24 16:57:05 INFO  HepsiburadaPage:76 - Bilgisayar modeli MSI seçildi.
2021-06-24 16:57:12 INFO  HepsiburadaPage:80 - İkinci sayfa açıldı.
2021-06-24 16:57:17 INFO  HepsiburadaPage:87 - İkinci sayfadaki ikinci ürüne tıklandı.
2021-06-24 16:57:19 INFO  HepsiburadaPage:94 - İkinci ürün favorilere eklendi.
2021-06-24 16:57:38 INFO  HepsiburadaPage:105 - Favori liste sayfası açıldı.
2021-06-24 16:57:39 INFO  HepsiburadaPage:110 - Favori listesine eklenen ürün seçildi.
2021-06-24 16:57:39 INFO  HepsiburadaPage:120 - Eklenen ürün favorilerden silindi.
2021-06-24 16:57:43 INFO  HepsiburadaPage:130 - Eklenen ürünü favori listesinden silme işlemi onaylandı.
2021-06-24 16:57:46 INFO  HepsiburadaPage:136 - Profilim penceresi açıldı.
2021-06-24 16:57:46 INFO  HepsiburadaPage:141 - Üye çıkış işlemi yapıldı.
2021-06-24 16:59:11 INFO  HepsiburadaPage:23 - Giriş Yapıldı.
2021-06-24 16:59:14 INFO  HepsiburadaPage:30 - E-mail alanı dolduruldu.
2021-06-24 16:59:15 INFO  HepsiburadaPage:37 - Parola alanı dolduruldu.
2021-06-24 16:59:18 INFO  HepsiburadaPage:47 - Giriş yap butonuna tıklandı.
2021-06-24 16:59:31 INFO  HepsiburadaPage:63 - Elektronik menüsüne tıklandı.
2021-06-24 16:59:38 INFO  HepsiburadaPage:69 - Bilgisayar alt menüsüne tıklandı.
2021-06-24 16:59:40 INFO  HepsiburadaPage:76 - Bilgisayar modeli MSI seçildi.
2021-06-24 16:59:49 INFO  HepsiburadaPage:80 - İkinci sayfa açıldı.
2021-06-24 16:59:59 INFO  HepsiburadaPage:87 - İkinci sayfadaki ikinci ürüne tıklandı.
2021-06-24 16:59:59 INFO  HepsiburadaPage:94 - İkinci ürün favorilere eklendi.
2021-06-24 17:00:19 INFO  HepsiburadaPage:105 - Favori liste sayfası açıldı.
2021-06-24 17:00:20 INFO  HepsiburadaPage:110 - Favori listesine eklenen ürün seçildi.
2021-06-24 17:00:21 INFO  HepsiburadaPage:120 - Eklenen ürün favorilerden silindi.
2021-06-24 17:00:24 INFO  HepsiburadaPage:130 - Eklenen ürünü favori listesinden silme işlemi onaylandı.
2021-06-24 17:00:27 INFO  HepsiburadaPage:136 - Profilim penceresi açıldı.
2021-06-24 17:00:28 INFO  HepsiburadaPage:141 - Üye çıkış işlemi yapıldı.
2021-06-24 17:01:03 INFO  HepsiburadaPage:23 - Giriş Yapıldı.
2021-06-24 17:01:06 INFO  HepsiburadaPage:30 - E-mail alanı dolduruldu.
2021-06-24 17:01:07 INFO  HepsiburadaPage:37 - Parola alanı dolduruldu.
2021-06-24 17:01:10 INFO  HepsiburadaPage:47 - Giriş yap butonuna tıklandı.
2021-06-24 17:01:24 INFO  HepsiburadaPage:63 - Elektronik menüsüne tıklandı.
2021-06-24 17:01:31 INFO  HepsiburadaPage:69 - Bilgisayar alt menüsüne tıklandı.
2021-06-24 17:01:33 INFO  HepsiburadaPage:76 - Bilgisayar modeli MSI seçildi.
2021-06-24 17:01:42 INFO  HepsiburadaPage:80 - İkinci sayfa açıldı.
2021-06-24 17:01:51 INFO  HepsiburadaPage:87 - İkinci sayfadaki ikinci ürüne tıklandı.
2021-06-24 17:01:52 INFO  HepsiburadaPage:94 - İkinci ürün favorilere eklendi.
2021-06-24 17:02:13 INFO  HepsiburadaPage:105 - Favori liste sayfası açıldı.
2021-06-24 17:03:33 INFO  HepsiburadaPage:23 - Giriş Yapıldı.
2021-06-24 17:03:36 INFO  HepsiburadaPage:30 - E-mail alanı dolduruldu.
2021-06-24 17:03:37 INFO  HepsiburadaPage:37 - Parola alanı dolduruldu.
2021-06-24 17:03:40 INFO  HepsiburadaPage:47 - Giriş yap butonuna tıklandı.
2021-06-24 17:03:50 INFO  HepsiburadaPage:63 - Elektronik menüsüne tıklandı.
2021-06-24 17:03:56 INFO  HepsiburadaPage:69 - Bilgisayar alt menüsüne tıklandı.
2021-06-24 17:03:58 INFO  HepsiburadaPage:76 - Bilgisayar modeli MSI seçildi.
2021-06-24 17:04:07 INFO  HepsiburadaPage:80 - İkinci sayfa açıldı.
2021-06-24 17:04:17 INFO  HepsiburadaPage:87 - İkinci sayfadaki ikinci ürüne tıklandı.
2021-06-24 17:04:17 INFO  HepsiburadaPage:94 - İkinci ürün favorilere eklendi.
2021-06-24 17:04:35 INFO  HepsiburadaPage:105 - Favori liste sayfası açıldı.
2021-06-24 17:04:36 INFO  HepsiburadaPage:110 - Favori listesine eklenen ürün seçildi.
2021-06-24 17:04:37 INFO  HepsiburadaPage:120 - Eklenen ürün favorilerden silindi.
2021-06-24 17:04:40 INFO  HepsiburadaPage:130 - Eklenen ürünü favori listesinden silme işlemi onaylandı.
2021-06-24 17:04:44 INFO  HepsiburadaPage:136 - Profilim penceresi açıldı.
2021-06-24 17:04:44 INFO  HepsiburadaPage:141 - Üye çıkış işlemi yapıldı.
2021-06-24 17:09:50 INFO  HepsiburadaPage:23 - Giriş Yapıldı.
2021-06-24 17:09:53 INFO  HepsiburadaPage:30 - E-mail alanı dolduruldu.
2021-06-24 17:09:53 INFO  HepsiburadaPage:37 - Parola alanı dolduruldu.
2021-06-24 17:09:57 INFO  HepsiburadaPage:47 - Giriş yap butonuna tıklandı.
2021-06-24 17:10:17 INFO  HepsiburadaPage:63 - Elektronik menüsüne tıklandı.
2021-06-24 17:11:12 INFO  HepsiburadaPage:23 - Giriş Yapıldı.
2021-06-24 17:11:15 INFO  HepsiburadaPage:30 - E-mail alanı dolduruldu.
2021-06-24 17:11:15 INFO  HepsiburadaPage:37 - Parola alanı dolduruldu.
2021-06-24 17:11:18 INFO  HepsiburadaPage:47 - Giriş yap butonuna tıklandı.
2021-06-24 17:11:30 INFO  HepsiburadaPage:63 - Elektronik menüsüne tıklandı.
2021-06-24 17:13:38 INFO  HepsiburadaPage:23 - Giriş Yapıldı.
2021-06-24 17:13:40 INFO  HepsiburadaPage:30 - E-mail alanı dolduruldu.
2021-06-24 17:13:41 INFO  HepsiburadaPage:37 - Parola alanı dolduruldu.
2021-06-24 17:13:44 INFO  HepsiburadaPage:47 - Giriş yap butonuna tıklandı.
2021-06-24 17:14:05 INFO  HepsiburadaPage:63 - Elektronik menüsüne tıklandı.
2021-06-24 17:14:34 INFO  HepsiburadaPage:69 - Bilgisayar alt menüsüne tıklandı.
2021-06-24 17:14:36 INFO  HepsiburadaPage:76 - Bilgisayar modeli MSI seçildi.
2021-06-24 17:14:50 INFO  HepsiburadaPage:80 - İkinci sayfa açıldı.
2021-06-24 17:14:54 INFO  HepsiburadaPage:87 - İkinci sayfadaki ikinci ürüne tıklandı.
2021-06-24 17:15:53 INFO  HepsiburadaPage:23 - Giriş Yapıldı.
2021-06-24 17:15:55 INFO  HepsiburadaPage:30 - E-mail alanı dolduruldu.
2021-06-24 17:15:56 INFO  HepsiburadaPage:37 - Parola alanı dolduruldu.
2021-06-24 17:15:59 INFO  HepsiburadaPage:47 - Giriş yap butonuna tıklandı.
2021-06-24 17:16:00 INFO  HepsiburadaPage:61 - Elektronik menüsüne tıklandı.
2021-06-24 17:17:26 INFO  HepsiburadaPage:23 - Giriş Yapıldı.
2021-06-24 17:17:28 INFO  HepsiburadaPage:30 - E-mail alanı dolduruldu.
2021-06-24 17:17:29 INFO  HepsiburadaPage:37 - Parola alanı dolduruldu.
2021-06-24 17:17:32 INFO  HepsiburadaPage:47 - Giriş yap butonuna tıklandı.
2021-06-24 17:17:34 INFO  HepsiburadaPage:61 - Elektronik menüsüne tıklandı.
2021-06-24 17:19:15 INFO  HepsiburadaPage:23 - Giriş Yapıldı.
2021-06-24 17:19:18 INFO  HepsiburadaPage:30 - E-mail alanı dolduruldu.
2021-06-24 17:19:18 INFO  HepsiburadaPage:37 - Parola alanı dolduruldu.
2021-06-24 17:19:21 INFO  HepsiburadaPage:47 - Giriş yap butonuna tıklandı.
2021-06-24 17:19:23 INFO  HepsiburadaPage:61 - Elektronik menüsüne tıklandı.
2021-06-24 17:19:30 INFO  HepsiburadaPage:67 - Bilgisayar alt menüsüne tıklandı.
2021-06-24 17:19:32 INFO  HepsiburadaPage:74 - Bilgisayar modeli MSI seçildi.
2021-06-24 17:19:40 INFO  HepsiburadaPage:78 - İkinci sayfa açıldı.
2021-06-24 17:19:43 INFO  HepsiburadaPage:85 - İkinci sayfadaki ikinci ürüne tıklandı.
2021-06-24 17:19:45 INFO  HepsiburadaPage:92 - İkinci ürün favorilere eklendi.
2021-06-24 17:20:03 INFO  HepsiburadaPage:103 - Favori liste sayfası açıldı.
2021-06-24 17:20:03 INFO  HepsiburadaPage:108 - Favori listesine eklenen ürün seçildi.
2021-06-24 17:20:04 INFO  HepsiburadaPage:118 - Eklenen ürün favorilerden silindi.
2021-06-24 17:20:07 INFO  HepsiburadaPage:128 - Eklenen ürünü favori listesinden silme işlemi onaylandı.
2021-06-24 17:20:11 INFO  HepsiburadaPage:134 - Profilim penceresi açıldı.
2021-06-24 17:20:12 INFO  HepsiburadaPage:139 - Üye çıkış işlemi yapıldı.
